[Info  - 11:13:07 AM] Initialising intelephense 1.5.4
[Info  - 11:13:07 AM] Initialised in 7 ms
[Info  - 11:13:07 AM] Indexing started.
[Info  - 11:13:13 AM] Indexing ended. 922 files indexed in 5s.
[Info  - 11:13:13 AM] Writing state to /var/www/html/Si_Operasional/~/root/User/workspaceStorage/757664b885f1fbd0c257aaf8144c0ecb/bmewburn.vscode-intelephense-client/6b677d2c.
[Info  - 11:13:14 AM] Wrote state in 0.4s.
[Info  - 11:13:40 AM] Indexing started.
[Info  - 11:13:41 AM] Indexing ended. 2 files indexed in 0s.
[Info  - 11:13:45 AM] Indexing started.
[Info  - 11:13:45 AM] Indexing ended. 1 files indexed in 0s.
[Info  - 11:14:00 AM] Indexing started.
[Info  - 11:14:00 AM] Indexing ended. 1 files indexed in 0s.
[Info  - 11:14:05 AM] Indexing started.
[Info  - 11:14:05 AM] Indexing ended. 1 files indexed in 0s.
[Info  - 11:14:11 AM] Indexing started.
[Info  - 11:14:12 AM] Indexing ended. 1 files indexed in 0s.
[Info  - 11:14:16 AM] Indexing started.
[Info  - 11:14:17 AM] Indexing ended. 1 files indexed in 0s.
[Info  - 11:14:21 AM] Indexing started.
[Info  - 11:14:21 AM] Indexing ended. 1 files indexed in 0s.
[Info  - 11:14:28 AM] Indexing started.
[Info  - 11:14:28 AM] Indexing ended. 1 files indexed in 0s.
[Info  - 11:14:33 AM] Indexing started.
[Info  - 11:14:34 AM] Indexing ended. 1 files indexed in 0s.
[Info  - 11:14:39 AM] Indexing started.
[Info  - 11:14:39 AM] Indexing ended. 1 files indexed in 0s.
[Info  - 11:14:44 AM] Indexing started.
[Info  - 11:14:44 AM] Indexing ended. 1 files indexed in 0s.
[Info  - 11:14:50 AM] Indexing started.
[Info  - 11:14:51 AM] Indexing ended. 1 files indexed in 0s.
[Info  - 11:14:55 AM] Indexing started.
[Info  - 11:14:55 AM] Indexing ended. 1 files indexed in 0s.
[Info  - 11:15:01 AM] Indexing started.
[Info  - 11:15:01 AM] Indexing ended. 1 files indexed in 0s.
[Info  - 11:15:05 AM] Indexing started.
[Info  - 11:15:05 AM] Indexing ended. 1 files indexed in 0s.
[Info  - 11:15:10 AM] Indexing started.
[Info  - 11:15:10 AM] Indexing ended. 1 files indexed in 0s.
[Info  - 11:15:15 AM] Indexing started.
[Info  - 11:15:16 AM] Indexing ended. 1 files indexed in 0s.
[Info  - 11:15:18 AM] Indexing started.
[Info  - 11:15:18 AM] Indexing ended. 1 files indexed in 0s.
[Info  - 2:10:04 PM] Indexing started.
[Info  - 2:10:04 PM] Indexing ended. 5 files indexed in 0s.
[Info  - 2:10:04 PM] Indexing started.
[Info  - 2:10:04 PM] Indexing ended. 2 files indexed in 0s.
[Info  - 2:10:23 PM] Indexing started.
[Info  - 2:10:23 PM] Indexing ended. 1 files indexed in 0s.
[Info  - 2:10:46 PM] Indexing started.
[Info  - 2:10:47 PM] Indexing ended. 1 files indexed in 0s.
