Looking for git in: git
Using git 2.25.1 from git
> git rev-parse --git-dir
Open repository: /var/www/html/Si_Operasional
> git status -z -u
> git symbolic-ref --short HEAD
> git rev-parse master
> git rev-parse --symbolic-full-name master@{u}
> git rev-list --left-right master...refs/remotes/origin/master
> git for-each-ref --sort -committerdate --format %(refname) %(objectname)
> git remote --verbose
Warning: Failed to watch ref '/var/www/html/Si_Operasional/.git/refs/remotes/origin/master', is most likely packed.
> git config --get commit.template
> git show --textconv :application/models/main.php
> git ls-files --stage -- /var/www/html/Si_Operasional/application/models/main.php
> git cat-file -s a80d93e558edd2be4897fa51897d26c4fb3b3ea8
> git check-ignore -v -z --stdin
> git show --textconv :.htaccess
> git ls-files --stage -- /var/www/html/Si_Operasional/.htaccess
> git check-ignore -v -z --stdin
> git status -z -u
> git symbolic-ref --short HEAD
> git rev-parse master
> git rev-parse --symbolic-full-name master@{u}
> git rev-list --left-right master...refs/remotes/origin/master
> git for-each-ref --sort -committerdate --format %(refname) %(objectname)
> git remote --verbose
Warning: Failed to watch ref '/var/www/html/Si_Operasional/.git/refs/remotes/origin/master', is most likely packed.
> git config --get commit.template
> git status -z -u
> git symbolic-ref --short HEAD
> git rev-parse master
> git rev-parse --symbolic-full-name master@{u}
> git rev-list --left-right master...refs/remotes/origin/master
> git for-each-ref --sort -committerdate --format %(refname) %(objectname)
> git remote --verbose
Warning: Failed to watch ref '/var/www/html/Si_Operasional/.git/refs/remotes/origin/master', is most likely packed.
> git config --get commit.template
> git check-ignore -v -z --stdin
> git status -z -u
> git symbolic-ref --short HEAD
> git rev-parse master
> git rev-parse --symbolic-full-name master@{u}
> git rev-list --left-right master...refs/remotes/origin/master
> git for-each-ref --sort -committerdate --format %(refname) %(objectname)
> git remote --verbose
Warning: Failed to watch ref '/var/www/html/Si_Operasional/.git/refs/remotes/origin/master', is most likely packed.
> git config --get commit.template
> git show --textconv :application/models/Main_model.php
> git ls-files --stage -- /var/www/html/Si_Operasional/application/models/Main_model.php
> git status -z -u
> git symbolic-ref --short HEAD
> git rev-parse master
> git rev-parse --symbolic-full-name master@{u}
> git rev-list --left-right master...refs/remotes/origin/master
> git for-each-ref --sort -committerdate --format %(refname) %(objectname)
> git remote --verbose
Warning: Failed to watch ref '/var/www/html/Si_Operasional/.git/refs/remotes/origin/master', is most likely packed.
> git config --get commit.template
> git show --textconv :application/controllers/Login.php
> git ls-files --stage -- /var/www/html/Si_Operasional/application/controllers/Login.php
> git cat-file -s b8707b3b357f58a7251b0c98404b4b4396cd48ce
> git check-ignore -v -z --stdin
> git status -z -u
> git symbolic-ref --short HEAD
> git rev-parse master
> git rev-parse --symbolic-full-name master@{u}
> git rev-list --left-right master...refs/remotes/origin/master
> git for-each-ref --sort -committerdate --format %(refname) %(objectname)
> git remote --verbose
Warning: Failed to watch ref '/var/www/html/Si_Operasional/.git/refs/remotes/origin/master', is most likely packed.
> git config --get commit.template
> git show --textconv :application/models/Main_model.php
> git ls-files --stage -- /var/www/html/Si_Operasional/application/models/Main_model.php
> git show --textconv :application/controllers/Login.php
> git ls-files --stage -- /var/www/html/Si_Operasional/application/controllers/Login.php
> git cat-file -s b8707b3b357f58a7251b0c98404b4b4396cd48ce
> git status -z -u
> git symbolic-ref --short HEAD
> git rev-parse master
> git rev-parse --symbolic-full-name master@{u}
> git rev-list --left-right master...refs/remotes/origin/master
> git for-each-ref --sort -committerdate --format %(refname) %(objectname)
> git remote --verbose
Warning: Failed to watch ref '/var/www/html/Si_Operasional/.git/refs/remotes/origin/master', is most likely packed.
> git config --get commit.template
> git show --textconv :application/models/Main_model.php
> git ls-files --stage -- /var/www/html/Si_Operasional/application/models/Main_model.php
> git show --textconv :.htaccess
> git ls-files --stage -- /var/www/html/Si_Operasional/.htaccess
> git show --textconv :application/config/autoload.php
> git ls-files --stage -- /var/www/html/Si_Operasional/application/config/autoload.php
> git cat-file -s 0cdc152a407329b4fb7caf20fc94d1f5c954cc83
> git check-ignore -v -z --stdin
> git show --textconv :application/config/database.php
> git ls-files --stage -- /var/www/html/Si_Operasional/application/config/database.php
> git cat-file -s 72f500a23e1af5bae4181606636d4df6c1248c69
> git status -z -u
> git symbolic-ref --short HEAD
> git rev-parse master
> git rev-parse --symbolic-full-name master@{u}
> git rev-list --left-right master...refs/remotes/origin/master
> git for-each-ref --sort -committerdate --format %(refname) %(objectname)
> git remote --verbose
Warning: Failed to watch ref '/var/www/html/Si_Operasional/.git/refs/remotes/origin/master', is most likely packed.
> git config --get commit.template
> git show --textconv :application/controllers/Anggaran.php
> git ls-files --stage -- /var/www/html/Si_Operasional/application/controllers/Anggaran.php
> git cat-file -s 0db5c410c27d6bc1188fdc378ecccd6b336b4a32
> git status -z -u
> git symbolic-ref --short HEAD
> git rev-parse master
> git rev-parse --symbolic-full-name master@{u}
> git rev-list --left-right master...refs/remotes/origin/master
> git for-each-ref --sort -committerdate --format %(refname) %(objectname)
> git remote --verbose
Warning: Failed to watch ref '/var/www/html/Si_Operasional/.git/refs/remotes/origin/master', is most likely packed.
> git config --get commit.template
> git show --textconv :application/controllers/Barang.php
> git ls-files --stage -- /var/www/html/Si_Operasional/application/controllers/Barang.php
> git cat-file -s 5d8a2b0cfae6f6858c41bf8cc0ee0d04125b5f4b
> git show --textconv :application/controllers/Anggaran.php
> git ls-files --stage -- /var/www/html/Si_Operasional/application/controllers/Anggaran.php
> git cat-file -s 0db5c410c27d6bc1188fdc378ecccd6b336b4a32
> git status -z -u
> git show --textconv :application/config/database.php
> git ls-files --stage -- /var/www/html/Si_Operasional/application/config/database.php
> git cat-file -s 72f500a23e1af5bae4181606636d4df6c1248c69
> git symbolic-ref --short HEAD
> git rev-parse master
> git rev-parse --symbolic-full-name master@{u}
> git rev-list --left-right master...refs/remotes/origin/master
> git for-each-ref --sort -committerdate --format %(refname) %(objectname)
> git remote --verbose
Warning: Failed to watch ref '/var/www/html/Si_Operasional/.git/refs/remotes/origin/master', is most likely packed.
> git config --get commit.template
> git show --textconv :application/controllers/Dashboard.php
> git ls-files --stage -- /var/www/html/Si_Operasional/application/controllers/Dashboard.php
> git cat-file -s 32be74299b226b2254908ff2a45d7625ebbeced7
> git status -z -u
> git show --textconv :application/controllers/Jenis.php
> git ls-files --stage -- /var/www/html/Si_Operasional/application/controllers/Jenis.php
> git symbolic-ref --short HEAD
> git rev-parse master
> git cat-file -s 0e440eb9126186eeb2c9061fdc05ee78502972da
> git rev-parse --symbolic-full-name master@{u}
> git rev-list --left-right master...refs/remotes/origin/master
> git for-each-ref --sort -committerdate --format %(refname) %(objectname)
> git remote --verbose
Warning: Failed to watch ref '/var/www/html/Si_Operasional/.git/refs/remotes/origin/master', is most likely packed.
> git config --get commit.template
> git show --textconv :application/controllers/Kegiatan.php
> git ls-files --stage -- /var/www/html/Si_Operasional/application/controllers/Kegiatan.php
> git cat-file -s f8fb11384664b3f5017eb4593886bcd4e6c645e7
> git status -z -u
> git symbolic-ref --short HEAD
> git rev-parse master
> git rev-parse --symbolic-full-name master@{u}
> git rev-list --left-right master...refs/remotes/origin/master
> git for-each-ref --sort -committerdate --format %(refname) %(objectname)
> git remote --verbose
Warning: Failed to watch ref '/var/www/html/Si_Operasional/.git/refs/remotes/origin/master', is most likely packed.
> git config --get commit.template
> git show --textconv :application/controllers/Menu.php
> git ls-files --stage -- /var/www/html/Si_Operasional/application/controllers/Menu.php
> git cat-file -s d578ce5aeb695d5719491445b16976279771668d
> git status -z -u
> git symbolic-ref --short HEAD
> git rev-parse master
> git rev-parse --symbolic-full-name master@{u}
> git rev-list --left-right master...refs/remotes/origin/master
> git for-each-ref --sort -committerdate --format %(refname) %(objectname)
> git remote --verbose
Warning: Failed to watch ref '/var/www/html/Si_Operasional/.git/refs/remotes/origin/master', is most likely packed.
> git config --get commit.template
> git show --textconv :application/controllers/Pencairandana.php
> git ls-files --stage -- /var/www/html/Si_Operasional/application/controllers/Pencairandana.php
> git cat-file -s cb53c8cae195c38a85e212fed9e9d5016987da61
> git status -z -u
> git symbolic-ref --short HEAD
> git rev-parse master
> git rev-parse --symbolic-full-name master@{u}
> git rev-list --left-right master...refs/remotes/origin/master
> git for-each-ref --sort -committerdate --format %(refname) %(objectname)
> git remote --verbose
Warning: Failed to watch ref '/var/www/html/Si_Operasional/.git/refs/remotes/origin/master', is most likely packed.
> git config --get commit.template
> git status -z -u
> git symbolic-ref --short HEAD
> git rev-parse master
> git rev-parse --symbolic-full-name master@{u}
> git rev-list --left-right master...refs/remotes/origin/master
> git for-each-ref --sort -committerdate --format %(refname) %(objectname)
> git remote --verbose
Warning: Failed to watch ref '/var/www/html/Si_Operasional/.git/refs/remotes/origin/master', is most likely packed.
> git config --get commit.template
> git show --textconv :application/controllers/Periode.php
> git ls-files --stage -- /var/www/html/Si_Operasional/application/controllers/Periode.php
> git cat-file -s 33af50b41ffbded6ae856ef686905950d200dacd
> git status -z -u
> git symbolic-ref --short HEAD
> git rev-parse master
> git rev-parse --symbolic-full-name master@{u}
> git rev-list --left-right master...refs/remotes/origin/master
> git for-each-ref --sort -committerdate --format %(refname) %(objectname)
> git remote --verbose
Warning: Failed to watch ref '/var/www/html/Si_Operasional/.git/refs/remotes/origin/master', is most likely packed.
> git config --get commit.template
> git show --textconv :application/controllers/Rekening.php
> git ls-files --stage -- /var/www/html/Si_Operasional/application/controllers/Rekening.php
> git cat-file -s e8c9b4c481344de49ee61e1d8ae4af32f0265b55
> git status -z -u
> git symbolic-ref --short HEAD
> git rev-parse master
> git rev-parse --symbolic-full-name master@{u}
> git rev-list --left-right master...refs/remotes/origin/master
> git for-each-ref --sort -committerdate --format %(refname) %(objectname)
> git remote --verbose
Warning: Failed to watch ref '/var/www/html/Si_Operasional/.git/refs/remotes/origin/master', is most likely packed.
> git config --get commit.template
> git show --textconv :application/controllers/Rekeningsub.php
> git ls-files --stage -- /var/www/html/Si_Operasional/application/controllers/Rekeningsub.php
> git cat-file -s 9ed66687f15da666b10dda9126d55663e543ca30
> git status -z -u
> git symbolic-ref --short HEAD
> git rev-parse master
> git rev-parse --symbolic-full-name master@{u}
> git rev-list --left-right master...refs/remotes/origin/master
> git for-each-ref --sort -committerdate --format %(refname) %(objectname)
> git remote --verbose
Warning: Failed to watch ref '/var/www/html/Si_Operasional/.git/refs/remotes/origin/master', is most likely packed.
> git config --get commit.template
> git show --textconv :application/controllers/Role.php
> git ls-files --stage -- /var/www/html/Si_Operasional/application/controllers/Role.php
> git cat-file -s 011d3e1583792b7279dd5c26db98006fe1496e1e
> git show --textconv :application/controllers/Submenu.php
> git ls-files --stage -- /var/www/html/Si_Operasional/application/controllers/Submenu.php
> git cat-file -s 8a9b1bea848f6cd69233a07efbc6238d12af13aa
> git status -z -u
> git symbolic-ref --short HEAD
> git rev-parse master
> git rev-parse --symbolic-full-name master@{u}
> git rev-list --left-right master...refs/remotes/origin/master
> git for-each-ref --sort -committerdate --format %(refname) %(objectname)
> git remote --verbose
Warning: Failed to watch ref '/var/www/html/Si_Operasional/.git/refs/remotes/origin/master', is most likely packed.
> git config --get commit.template
> git show --textconv :application/controllers/User.php
> git ls-files --stage -- /var/www/html/Si_Operasional/application/controllers/User.php
> git cat-file -s d9de8e3b07f83fdf3cc53bc56fb0a5637ce44d37
> git status -z -u
> git symbolic-ref --short HEAD
> git rev-parse master
> git rev-parse --symbolic-full-name master@{u}
> git rev-list --left-right master...refs/remotes/origin/master
> git for-each-ref --sort -committerdate --format %(refname) %(objectname)
> git remote --verbose
Warning: Failed to watch ref '/var/www/html/Si_Operasional/.git/refs/remotes/origin/master', is most likely packed.
> git config --get commit.template
> git show --textconv :application/controllers/Periode.php
> git ls-files --stage -- /var/www/html/Si_Operasional/application/controllers/Periode.php
> git cat-file -s 33af50b41ffbded6ae856ef686905950d200dacd
> git show --textconv :application/controllers/User.php
> git ls-files --stage -- /var/www/html/Si_Operasional/application/controllers/User.php
> git cat-file -s d9de8e3b07f83fdf3cc53bc56fb0a5637ce44d37
> git status -z -u
> git symbolic-ref --short HEAD
> git rev-parse master
> git rev-parse --symbolic-full-name master@{u}
> git rev-list --left-right master...refs/remotes/origin/master
> git for-each-ref --sort -committerdate --format %(refname) %(objectname)
> git remote --verbose
Warning: Failed to watch ref '/var/www/html/Si_Operasional/.git/refs/remotes/origin/master', is most likely packed.
> git config --get commit.template
> git show --textconv :application/controllers/Submenu.php
> git ls-files --stage -- /var/www/html/Si_Operasional/application/controllers/Submenu.php
> git cat-file -s 8a9b1bea848f6cd69233a07efbc6238d12af13aa
> git show --textconv :application/controllers/User.php
> git ls-files --stage -- /var/www/html/Si_Operasional/application/controllers/User.php
> git cat-file -s d9de8e3b07f83fdf3cc53bc56fb0a5637ce44d37
> git show --textconv :application/controllers/Dashboard.php
> git ls-files --stage -- /var/www/html/Si_Operasional/application/controllers/Dashboard.php
> git cat-file -s 32be74299b226b2254908ff2a45d7625ebbeced7
> git show --textconv :application/config/database.php
> git ls-files --stage -- /var/www/html/Si_Operasional/application/config/database.php
> git cat-file -s 72f500a23e1af5bae4181606636d4df6c1248c69
> git show --textconv :application/controllers/Welcome.php
> git ls-files --stage -- /var/www/html/Si_Operasional/application/controllers/Welcome.php
> git cat-file -s 9213c0cf5452b3bc490d197bbb4a92eecd2777f6
> git show --textconv :application/models/Main_model.php
> git ls-files --stage -- /var/www/html/Si_Operasional/application/models/Main_model.php
> git show --textconv :application/config/database.php
> git ls-files --stage -- /var/www/html/Si_Operasional/application/config/database.php
> git cat-file -s 72f500a23e1af5bae4181606636d4df6c1248c69
> git show --textconv :application/controllers/RKA.php
> git ls-files --stage -- /var/www/html/Si_Operasional/application/controllers/RKA.php
> git check-ignore -v -z --stdin
> git status -z -u
> git symbolic-ref --short HEAD
> git rev-parse master
> git rev-parse --symbolic-full-name master@{u}
> git rev-list --left-right master...refs/remotes/origin/master
> git for-each-ref --sort -committerdate --format %(refname) %(objectname)
> git remote --verbose
Warning: Failed to watch ref '/var/www/html/Si_Operasional/.git/refs/remotes/origin/master', is most likely packed.
> git config --get commit.template
> git show --textconv :application/controllers/Anggaran.php
> git ls-files --stage -- /var/www/html/Si_Operasional/application/controllers/Anggaran.php
> git cat-file -s 0db5c410c27d6bc1188fdc378ecccd6b336b4a32
> git show --textconv :application/controllers/RKA.php
> git ls-files --stage -- /var/www/html/Si_Operasional/application/controllers/RKA.php
> git show --textconv :application/controllers/Anggaran.php
> git ls-files --stage -- /var/www/html/Si_Operasional/application/controllers/Anggaran.php
> git cat-file -s 0db5c410c27d6bc1188fdc378ecccd6b336b4a32
> git show --textconv :application/controllers/RKA.php
> git ls-files --stage -- /var/www/html/Si_Operasional/application/controllers/RKA.php
> git status -z -u
> git show --textconv :application/controllers/Anggaran.php
> git ls-files --stage -- /var/www/html/Si_Operasional/application/controllers/Anggaran.php
> git cat-file -s 0db5c410c27d6bc1188fdc378ecccd6b336b4a32
> git symbolic-ref --short HEAD
> git rev-parse master
> git rev-parse --symbolic-full-name master@{u}
> git rev-list --left-right master...refs/remotes/origin/master
> git for-each-ref --sort -committerdate --format %(refname) %(objectname)
> git remote --verbose
Warning: Failed to watch ref '/var/www/html/Si_Operasional/.git/refs/remotes/origin/master', is most likely packed.
> git config --get commit.template
> git show --textconv :application/controllers/RKA.php
> git ls-files --stage -- /var/www/html/Si_Operasional/application/controllers/RKA.php
> git status -z -u
> git symbolic-ref --short HEAD
> git rev-parse master
> git rev-parse --symbolic-full-name master@{u}
> git rev-list --left-right master...refs/remotes/origin/master
> git for-each-ref --sort -committerdate --format %(refname) %(objectname)
> git remote --verbose
Warning: Failed to watch ref '/var/www/html/Si_Operasional/.git/refs/remotes/origin/master', is most likely packed.
> git config --get commit.template
> git status -z -u
> git symbolic-ref --short HEAD
> git rev-parse master
> git rev-parse --symbolic-full-name master@{u}
> git rev-list --left-right master...refs/remotes/origin/master
> git for-each-ref --sort -committerdate --format %(refname) %(objectname)
> git remote --verbose
Warning: Failed to watch ref '/var/www/html/Si_Operasional/.git/refs/remotes/origin/master', is most likely packed.
> git config --get commit.template
> git check-ignore -v -z --stdin
> git check-ignore -v -z --stdin
> git status -z -u
> git symbolic-ref --short HEAD
> git rev-parse master
> git rev-parse --symbolic-full-name master@{u}
> git rev-list --left-right master...refs/remotes/origin/master
> git for-each-ref --sort -committerdate --format %(refname) %(objectname)
> git remote --verbose
Warning: Failed to watch ref '/var/www/html/Si_Operasional/.git/refs/remotes/origin/master', is most likely packed.
> git config --get commit.template
> git show --textconv :application/views/rka/index.php
> git ls-files --stage -- /var/www/html/Si_Operasional/application/views/rka/index.php
> git check-ignore -v -z --stdin
> git status -z -u
> git symbolic-ref --short HEAD
> git rev-parse master
> git rev-parse --symbolic-full-name master@{u}
> git rev-list --left-right master...refs/remotes/origin/master
> git for-each-ref --sort -committerdate --format %(refname) %(objectname)
> git remote --verbose
Warning: Failed to watch ref '/var/www/html/Si_Operasional/.git/refs/remotes/origin/master', is most likely packed.
> git config --get commit.template
> git check-ignore -v -z --stdin
> git show --textconv :application/views/rekening/index.php
> git ls-files --stage -- /var/www/html/Si_Operasional/application/views/rekening/index.php
> git cat-file -s a5bc91f304c0d802f938c8b43402724b4757af33
> git show --textconv :application/views/rka/index.php
> git ls-files --stage -- /var/www/html/Si_Operasional/application/views/rka/index.php
> git status -z -u
> git symbolic-ref --short HEAD
> git rev-parse master
> git rev-parse --symbolic-full-name master@{u}
> git rev-list --left-right master...refs/remotes/origin/master
> git for-each-ref --sort -committerdate --format %(refname) %(objectname)
> git remote --verbose
Warning: Failed to watch ref '/var/www/html/Si_Operasional/.git/refs/remotes/origin/master', is most likely packed.
> git config --get commit.template
> git status -z -u
> git symbolic-ref --short HEAD
> git rev-parse master
> git rev-parse --symbolic-full-name master@{u}
> git rev-list --left-right master...refs/remotes/origin/master
> git for-each-ref --sort -committerdate --format %(refname) %(objectname)
> git remote --verbose
Warning: Failed to watch ref '/var/www/html/Si_Operasional/.git/refs/remotes/origin/master', is most likely packed.
> git config --get commit.template
> git show --textconv :application/controllers/RKA.php
> git ls-files --stage -- /var/www/html/Si_Operasional/application/controllers/RKA.php
