[Info  - 11:08:14 AM] Initialising intelephense 1.5.4
[Info  - 11:08:14 AM] Reading state from /var/www/html/Si_Operasional/~/.vscode-root/User/workspaceStorage/a88060886e6d79f0f248e88421959ef5/bmewburn.vscode-intelephense-client/6b677d2c.
[Info  - 11:08:14 AM] Initialised in 540 ms
[Info  - 11:08:42 AM] Indexing started.
[Info  - 11:08:42 AM] Indexing ended. 2 files indexed in 0s.
[Info  - 11:08:51 AM] Indexing started.
[Info  - 11:08:51 AM] Indexing ended. 1 files indexed in 0s.
[Info  - 11:08:58 AM] Indexing started.
[Info  - 11:08:58 AM] Indexing ended. 1 files indexed in 0s.
[Info  - 11:09:38 AM] Indexing started.
[Info  - 11:09:38 AM] Indexing ended. 1 files indexed in 0s.
[Info  - 11:09:58 AM] Indexing started.
[Info  - 11:09:58 AM] Indexing ended. 1 files indexed in 0s.
[Info  - 11:10:03 AM] Indexing started.
[Info  - 11:10:04 AM] Indexing ended. 1 files indexed in 0s.
[Info  - 11:10:08 AM] Indexing started.
[Info  - 11:10:09 AM] Indexing ended. 1 files indexed in 0s.
[Info  - 11:10:17 AM] Indexing started.
[Info  - 11:10:17 AM] Indexing ended. 1 files indexed in 0s.
[Info  - 11:10:20 AM] Indexing started.
[Info  - 11:10:20 AM] Indexing ended. 1 files indexed in 0s.
[Info  - 11:10:25 AM] Indexing started.
[Info  - 11:10:25 AM] Indexing ended. 1 files indexed in 0s.
[Info  - 11:10:30 AM] Indexing started.
[Info  - 11:10:30 AM] Indexing ended. 1 files indexed in 0s.
[Info  - 11:10:34 AM] Indexing started.
[Info  - 11:10:34 AM] Indexing ended. 1 files indexed in 0s.
[Info  - 11:10:45 AM] Indexing started.
[Info  - 11:10:45 AM] Indexing ended. 1 files indexed in 0s.
[Info  - 11:10:55 AM] Indexing started.
[Info  - 11:10:55 AM] Indexing ended. 1 files indexed in 0s.
[Info  - 11:11:00 AM] Indexing started.
[Info  - 11:11:01 AM] Indexing ended. 1 files indexed in 0s.
[Info  - 11:11:05 AM] Indexing started.
[Info  - 11:11:05 AM] Indexing ended. 1 files indexed in 0s.
[Info  - 11:11:09 AM] Indexing started.
[Info  - 11:11:09 AM] Indexing ended. 1 files indexed in 0s.
[Info  - 11:11:12 AM] Indexing started.
[Info  - 11:11:12 AM] Indexing ended. 1 files indexed in 0s.
[Info  - 11:16:42 AM] Indexing started.
[Info  - 11:16:42 AM] Indexing ended. 1 files indexed in 0s.
[Info  - 11:17:29 AM] Indexing started.
[Info  - 11:17:29 AM] Indexing ended. 1 files indexed in 0s.
[Info  - 11:17:36 AM] Indexing started.
[Info  - 11:17:36 AM] Indexing ended. 1 files indexed in 0s.
[Info  - 11:17:54 AM] Indexing started.
[Info  - 11:17:54 AM] Indexing ended. 1 files indexed in 0s.
[Info  - 11:18:06 AM] Indexing started.
[Info  - 11:18:06 AM] Indexing ended. 1 files indexed in 0s.
[Info  - 11:18:26 AM] Indexing started.
[Info  - 11:18:26 AM] Indexing ended. 1 files indexed in 0s.
[Info  - 11:18:36 AM] Indexing started.
[Info  - 11:18:36 AM] Indexing ended. 1 files indexed in 0s.
