[Info  - 10:46:23 AM] Initialising intelephense 1.5.4
[Info  - 10:46:23 AM] Initialised in 8 ms
[Info  - 10:46:24 AM] Indexing started.
[Info  - 10:46:31 AM] Indexing ended. 915 files indexed in 7s.
[Info  - 10:46:31 AM] Writing state to /var/www/html/Si_Operasional/~/.vscode-root/User/workspaceStorage/a88060886e6d79f0f248e88421959ef5/bmewburn.vscode-intelephense-client/6b677d2c.
[Info  - 10:46:32 AM] Wrote state in 0.4s.
[Info  - 10:47:04 AM] Indexing started.
[Info  - 10:47:04 AM] Indexing ended. 1 files indexed in 0s.
[Info  - 10:51:51 AM] Indexing started.
[Info  - 10:51:51 AM] Indexing ended. 1 files indexed in 0s.
[Info  - 10:53:15 AM] Indexing started.
[Info  - 10:53:15 AM] Indexing ended. 1 files indexed in 0s.
[Info  - 10:53:40 AM] Indexing started.
[Info  - 10:53:40 AM] Indexing ended. 1 files indexed in 0s.
[Info  - 10:54:15 AM] Indexing started.
[Info  - 10:54:15 AM] Indexing ended. 1 files indexed in 0s.
[Info  - 10:54:17 AM] Indexing started.
[Info  - 10:54:17 AM] Indexing ended. 1 files indexed in 0s.
[Info  - 10:55:05 AM] Indexing started.
[Info  - 10:55:05 AM] Indexing ended. 1 files indexed in 0s.
[Info  - 10:55:43 AM] Indexing started.
[Info  - 10:55:43 AM] Indexing ended. 1 files indexed in 0s.
[Info  - 10:56:11 AM] Indexing started.
[Info  - 10:56:11 AM] Indexing ended. 1 files indexed in 0s.
[Info  - 10:57:23 AM] Indexing started.
[Info  - 10:57:23 AM] Indexing ended. 1 files indexed in 0s.
[Info  - 10:57:29 AM] Indexing started.
[Info  - 10:57:29 AM] Indexing ended. 1 files indexed in 0s.
[Info  - 10:57:42 AM] Indexing started.
[Info  - 10:57:43 AM] Indexing ended. 1 files indexed in 0s.
[Info  - 10:57:46 AM] Indexing started.
[Info  - 10:57:46 AM] Indexing ended. 2 files indexed in 0s.
[Info  - 10:57:53 AM] Indexing started.
[Info  - 10:57:54 AM] Indexing ended. 1 files indexed in 0s.
[Info  - 10:57:57 AM] Indexing started.
[Info  - 10:57:57 AM] Indexing ended. 1 files indexed in 0s.
